#
# A fatal error has been detected by the Java Runtime Environment:
#
#  SIGSEGV (0xb) at pc=0x00007fff84827c02, pid=7775, tid=0x0000000000000307
#
# JRE version: Java(TM) SE Runtime Environment (8.0_144-b01) (build 1.8.0_144-b01)
# Java VM: Java HotSpot(TM) 64-Bit Server VM (25.144-b01 mixed mode bsd-amd64 compressed oops)
# Problematic frame:
# C  [libGPUSupportMercury.dylib+0xac02]  gldAttachDrawable+0x12f
#
# Failed to write core dump. Core dumps have been disabled. To enable core dumping, try "ulimit -c unlimited" before starting Java again
#
# If you would like to submit a bug report, please visit:
#   http://bugreport.java.com/bugreport/crash.jsp
# The crash happened outside the Java Virtual Machine in native code.
# See problematic frame for where to report the bug.
#

---------------  T H R E A D  ---------------

Current thread (0x00007f90a98c6000):  JavaThread "AppKit Thread" daemon [_thread_in_native, id=775, stack(0x00007fff5a3ea000,0x00007fff5abea000)]

siginfo: si_signo: 11 (SIGSEGV), si_code: 0 (unknown), si_addr: 0x0000000000000000

Registers:
RAX=0x007fff7526814b00, RBX=0x0000000000002715, RCX=0x0000000000000c24, RDX=0x00007f90a75a1860
RSP=0x00007fff5abe2ca0, RBP=0x00007fff5abe2da0, RSI=0x0000000000004f9f, RDI=0x0000000000035cc3
R8 =0x000000000d243100, R9 =0x00007f90ac000a00, R10=0x000000000000003c, R11=0x0000000000000206
R12=0x00007f90a75a1858, R13=0x00007f90aa15b200, R14=0x00007f90a75a1860, R15=0x0000000000000000
RIP=0x00007fff84827c02, EFLAGS=0x0000000000010206, ERR=0x0000000000000000
  TRAPNO=0x000000000000000d

Top of Stack: (sp=0x00007fff5abe2ca0)
0x00007fff5abe2ca0:   00007fff5abe2ce0 00007fff88607c97
0x00007fff5abe2cb0:   0000000000000000 4036000000000000
0x00007fff5abe2cc0:   4089000000000000 00007f90ad809ee0
0x00007fff5abe2cd0:   007fff7526814b00 00007f90a825ff0f
0x00007fff5abe2ce0:   00007fff5abe2d01 00000050886f6fce
0x00007fff5abe2cf0:   0000000000000000 4036000000000000
0x00007fff5abe2d00:   4089000000000000 4089000000000000
0x00007fff5abe2d10:   7ff0000000000000 7ff0000000000000
0x00007fff5abe2d20:   0000000000000000 0000000000000000
0x00007fff5abe2d30:   00007f90a7574b40 00035cc3886eec64
0x00007fff5abe2d40:   7ff0000000000000 7ff0000000000000
0x00007fff5abe2d50:   0000000000000000 0000000000000000
0x00007fff5abe2d60:   0000000000000000 00007fff886dce7e
0x00007fff5abe2d70:   aaa7b737bcfb00ff 00007f90ad800000
0x00007fff5abe2d80:   0000000000002718 0000000000000000
0x00007fff5abe2d90:   0000000000000050 0000000000000000
0x00007fff5abe2da0:   00007fff5abe2e00 00000001264a4e59
0x00007fff5abe2db0:   409a400000000000 0000000000000000
0x00007fff5abe2dc0:   00007f90ad809ee0 0000000000000000
0x00007fff5abe2dd0:   00007f90a75a1858 00007f90a9197288
0x00007fff5abe2de0:   00007f90a9197350 00007f90a9197380
0x00007fff5abe2df0:   00007f90a9195400 aaa7b737bcfb00ff
0x00007fff5abe2e00:   00007fff5abe2ee0 00007fff7bb117f0
0x00007fff5abe2e10:   4059c00000000000 4089000000000000
0x00007fff5abe2e20:   4089b00000000000 0000000000000000
0x00007fff5abe2e30:   4036000000000000 4089000000000000
0x00007fff5abe2e40:   4089000000000000 0000000000000002
0x00007fff5abe2e50:   0000000000000000 0000000000000004
0x00007fff5abe2e60:   00007f90a75a1858 0000000000000004
0x00007fff5abe2e70:   00007fff5abe2ee0 00007fff7bb16945
0x00007fff5abe2e80:   000000045abe2ea0 00007f90a9197350
0x00007fff5abe2e90:   00007f90a9197288 0000000200001004 

Instructions: (pc=0x00007fff84827c02)
0x00007fff84827be2:   24 04 81 e1 3f 8c 00 00 48 8b 85 38 ff ff ff 44
0x00007fff84827bf2:   8b 80 38 02 00 00 4c 89 f2 48 8b 85 30 ff ff ff
0x00007fff84827c02:   ff 50 08 bb 15 27 00 00 85 c0 0f 85 31 02 00 00
0x00007fff84827c12:   49 8b 4d 60 41 8b 06 eb 10 41 8b 06 bb 15 27 00 

Register to memory mapping:

RAX=0x007fff7526814b00 is an unknown value
RBX=0x0000000000002715 is an unknown value
RCX=0x0000000000000c24 is an unknown value
RDX=0x00007f90a75a1860 is an unknown value
RSP=0x00007fff5abe2ca0 is pointing into the stack for thread: 0x00007f90a98c6000
RBP=0x00007fff5abe2da0 is pointing into the stack for thread: 0x00007f90a98c6000
RSI=0x0000000000004f9f is an unknown value
RDI=0x0000000000035cc3 is an unknown value
R8 =0x000000000d243100 is an unknown value
R9 =0x00007f90ac000a00 is an unknown value
R10=0x000000000000003c is an unknown value
R11=0x0000000000000206 is an unknown value
R12=0x00007f90a75a1858 is an unknown value
R13=0x00007f90aa15b200 is an unknown value
R14=0x00007f90a75a1860 is an unknown value
R15=0x0000000000000000 is an unknown value


Stack: [0x00007fff5a3ea000,0x00007fff5abea000],  sp=0x00007fff5abe2ca0,  free space=8163k
Native frames: (J=compiled Java code, j=interpreted, Vv=VM code, C=native code)
C  [libGPUSupportMercury.dylib+0xac02]  gldAttachDrawable+0x12f
C  [GLEngine+0x15e59]  gliAttachDrawableWithOptions+0x106
C  [OpenGL+0x37f0]  glcGetIOAccelService+0xe8c
C  [OpenGL+0x76f7]  CGLSetPBuffer+0xb45
C  [OpenGL+0x7a15]  CGLSetSurface+0x125
C  [AppKit+0x335c80]  NSOpenGLContextAttachOnScreenViewSurface+0x187
C  [AppKit+0x6efc57]  __27-[NSOpenGLContext setView:]_block_invoke+0xd3
C  [AppKit+0x179d48]  NSPerformVisuallyAtomicChange+0x93
C  [AppKit+0x322538]  -[NSOpenGLContext setView:]+0x69
C  [liblwjgl.dylib+0xa586]  -[MacOSXOpenGLView lockFocus]+0x76
C  [AppKit+0x19ce7b]  -[NSView _recursiveDisplayRectIfNeededIgnoringOpacity:isVisibleRect:rectIsVisibleRectForView:topView:]+0x6ee
C  [AppKit+0x19d6d1]  -[NSView _recursiveDisplayRectIfNeededIgnoringOpacity:isVisibleRect:rectIsVisibleRectForView:topView:]+0xf44
C  [AppKit+0x19c2af]  -[NSThemeFrame _recursiveDisplayRectIfNeededIgnoringOpacity:isVisibleRect:rectIsVisibleRectForView:topView:]+0x14e
C  [AppKit+0x19a6d8]  -[NSView _displayRectIgnoringOpacity:isVisibleRect:rectIsVisibleRectForView:]+0x994
C  [AppKit+0x195fca]  -[NSView displayIfNeeded]+0x6d4
C  [AppKit+0x1958db]  -[NSWindow displayIfNeeded]+0xe6
C  [AppKit+0x8f5cb4]  ___NSWindowGetDisplayCycleObserver_block_invoke.6228+0x115
C  [AppKit+0x1953b9]  __37+[NSDisplayCycle currentDisplayCycle]_block_invoke+0x1c6
C  [QuartzCore+0x11d06]  _ZN2CA11Transaction19run_commit_handlersE18CATransactionPhase+0x2e
C  [QuartzCore+0x11b8bc]  _ZN2CA7Context18commit_transactionEPNS_11TransactionE+0xa0
C  [QuartzCore+0x107e1]  _ZN2CA11Transaction6commitEv+0x1db
C  [AppKit+0x4788b1]  __37+[NSDisplayCycle currentDisplayCycle]_block_invoke.31+0x143
C  [CoreFoundation+0xa6d37]  __CFRUNLOOP_IS_CALLING_OUT_TO_AN_OBSERVER_CALLBACK_FUNCTION__+0x17
C  [CoreFoundation+0xa6ca7]  __CFRunLoopDoObservers+0x187
C  [CoreFoundation+0x876d9]  __CFRunLoopRun+0x369
C  [CoreFoundation+0x87114]  CFRunLoopRunSpecific+0x1a4
C  [HIToolbox+0x30ebc]  RunCurrentEventLoopInMode+0xf0
C  [HIToolbox+0x30bf9]  ReceiveNextEventCommon+0xb8
C  [HIToolbox+0x30b26]  _BlockUntilNextEventMatchingListInModeWithFilter+0x47
C  [AppKit+0x46a54]  _DPSNextEvent+0x460
C  [AppKit+0x7c27ee]  -[NSApplication(NSEvent) _nextEventMatchingEventMask:untilDate:inMode:dequeue:]+0xaec
C  [libosxapp.dylib+0x23aa]  -[NSApplicationAWT nextEventMatchingMask:untilDate:inMode:dequeue:]+0x7c
C  [AppKit+0x3b3db]  -[NSApplication run]+0x39e
C  [libosxapp.dylib+0x214d]  +[NSApplicationAWT runAWTLoopWithApp:]+0x9c
C  [libawt_lwawt.dylib+0x45edf]  -[AWTStarter starter:]+0x389
C  [Foundation+0x7152a]  __NSThreadPerformPerform+0x146
C  [CoreFoundation+0xa7321]  __CFRUNLOOP_IS_CALLING_OUT_TO_A_SOURCE0_PERFORM_FUNCTION__+0x11
C  [CoreFoundation+0x8821d]  __CFRunLoopDoSources0+0x22d
C  [CoreFoundation+0x87716]  __CFRunLoopRun+0x3a6
C  [CoreFoundation+0x87114]  CFRunLoopRunSpecific+0x1a4
C  [java+0x6465]  CreateExecutionEnvironment+0x367
C  [java+0x218c]  JLI_Launch+0x7a0
C  [java+0x84c2]  main+0x65
C  [java+0x19e4]  start+0x34
C  0x0000000000000006


---------------  P R O C E S S  ---------------

Java Threads: ( => current thread )
  0x00007f90a99a5800 JavaThread "AWT-Shutdown" [_thread_blocked, id=87819, stack(0x000070000d155000,0x000070000d255000)]
  0x00007f90aa842000 JavaThread "DestroyJavaVM" [_thread_blocked, id=7171, stack(0x000070000d25b000,0x000070000d35b000)]
  0x00007f90ab8dc000 JavaThread "LWJGL Application" [_thread_in_native, id=74499, stack(0x000070000ea29000,0x000070000eb29000)]
=>0x00007f90a98c6000 JavaThread "AppKit Thread" daemon [_thread_in_native, id=775, stack(0x00007fff5a3ea000,0x00007fff5abea000)]
  0x00007f90a8810000 JavaThread "Service Thread" daemon [_thread_blocked, id=21763, stack(0x000070000e491000,0x000070000e591000)]
  0x00007f90a989e000 JavaThread "C1 CompilerThread3" daemon [_thread_blocked, id=21251, stack(0x000070000e38e000,0x000070000e48e000)]
  0x00007f90a98a5000 JavaThread "C2 CompilerThread2" daemon [_thread_blocked, id=20739, stack(0x000070000e28b000,0x000070000e38b000)]
  0x00007f90a98a4800 JavaThread "C2 CompilerThread1" daemon [_thread_blocked, id=20227, stack(0x000070000e188000,0x000070000e288000)]
  0x00007f90a98a3800 JavaThread "C2 CompilerThread0" daemon [_thread_blocked, id=19715, stack(0x000070000e085000,0x000070000e185000)]
  0x00007f90a9895000 JavaThread "Monitor Ctrl-Break" daemon [_thread_in_native, id=19203, stack(0x000070000df82000,0x000070000e082000)]
  0x00007f90a7811000 JavaThread "Signal Dispatcher" daemon [_thread_blocked, id=18691, stack(0x000070000de7f000,0x000070000df7f000)]
  0x00007f90a7808800 JavaThread "Finalizer" daemon [_thread_blocked, id=14595, stack(0x000070000dd7c000,0x000070000de7c000)]
  0x00007f90a9043800 JavaThread "Reference Handler" daemon [_thread_blocked, id=14083, stack(0x000070000dc79000,0x000070000dd79000)]

Other Threads:
  0x00007f90a903f000 VMThread [stack: 0x000070000db76000,0x000070000dc76000] [id=13571]
  0x00007f90aa811800 WatcherThread [stack: 0x000070000e594000,0x000070000e694000] [id=22275]

VM state:not at safepoint (normal execution)

VM Mutex/Monitor currently owned by a thread: None

Heap:
 PSYoungGen      total 76288K, used 29252K [0x000000076ab00000, 0x0000000770000000, 0x00000007c0000000)
  eden space 65536K, 44% used [0x000000076ab00000,0x000000076c791028,0x000000076eb00000)
  from space 10752K, 0% used [0x000000076f580000,0x000000076f580000,0x0000000770000000)
  to   space 10752K, 0% used [0x000000076eb00000,0x000000076eb00000,0x000000076f580000)
 ParOldGen       total 175104K, used 0K [0x00000006c0000000, 0x00000006cab00000, 0x000000076ab00000)
  object space 175104K, 0% used [0x00000006c0000000,0x00000006c0000000,0x00000006cab00000)
 Metaspace       used 8258K, capacity 8419K, committed 8576K, reserved 1056768K
  class space    used 807K, capacity 856K, committed 896K, reserved 1048576K

Card table byte_map: [0x00000001075c0000,0x0000000107dc1000] byte_map_base: 0x0000000103fc0000

Marking Bits: (ParMarkBitMap*) 0x00000001059865d0
 Begin Bits: [0x000000011dd63000, 0x0000000121d63000)
 End Bits:   [0x0000000121d63000, 0x0000000125d63000)

Polling page: 0x000000010607d000

CodeCache: size=245760Kb used=3547Kb max_used=3559Kb free=242212Kb
 bounds [0x000000010ed63000, 0x000000010f0e3000, 0x000000011dd63000]
 total_blobs=1352 nmethods=918 adapters=348
 compilation: enabled

Compilation events (10 events):
Event: 26.237 Thread 0x00007f90a989e000  913       3       java.nio.Bits::int1 (6 bytes)
Event: 26.237 Thread 0x00007f90a989e000 nmethod 913 0x000000010f0db350 code [0x000000010f0db4a0, 0x000000010f0db5f0]
Event: 26.237 Thread 0x00007f90a989e000  914       3       java.nio.Bits::int0 (3 bytes)
Event: 26.237 Thread 0x00007f90a989e000 nmethod 914 0x000000010f0db050 code [0x000000010f0db1a0, 0x000000010f0db2d0]
Event: 26.244 Thread 0x00007f90a989e000  915       3       java.nio.Bits::putIntB (43 bytes)
Event: 26.244 Thread 0x00007f90a989e000 nmethod 915 0x000000010f0da690 code [0x000000010f0da840, 0x000000010f0dae38]
Event: 26.268 Thread 0x00007f90a989e000  916       3       java.nio.Bits::makeInt (29 bytes)
Event: 26.269 Thread 0x00007f90a989e000 nmethod 916 0x000000010f0da350 code [0x000000010f0da4a0, 0x000000010f0da5f0]
Event: 26.700 Thread 0x00007f90a98a5000  917       4       java.util.ArrayList::get (11 bytes)
Event: 26.702 Thread 0x00007f90a98a5000 nmethod 917 0x000000010f0da010 code [0x000000010f0da160, 0x000000010f0da238]

GC Heap History (0 events):
No events

Deoptimization events (0 events):
No events

Internal exceptions (10 events):
Event: 0.456 Thread 0x00007f90a9003800 Exception <a 'java/lang/NoSuchFieldError': method resolution failed> (0x000000076b452c48) thrown at [/Users/java_re/workspace/8-2-build-macosx-x86_64/jdk8u144/9417/hotspot/src/share/vm/prims/methodHandles.cpp, line 1146]
Event: 0.460 Thread 0x00007f90a9003800 Exception <a 'java/lang/NoSuchFieldError': method resolution failed> (0x000000076b460c38) thrown at [/Users/java_re/workspace/8-2-build-macosx-x86_64/jdk8u144/9417/hotspot/src/share/vm/prims/methodHandles.cpp, line 1146]
Event: 0.762 Thread 0x00007f90a9003800 Exception <a 'java/io/FileNotFoundException'> (0x000000076b503498) thrown at [/Users/java_re/workspace/8-2-build-macosx-x86_64/jdk8u144/9417/hotspot/src/share/vm/prims/jni.cpp, line 709]
Event: 0.762 Thread 0x00007f90a9003800 Exception <a 'java/io/FileNotFoundException'> (0x000000076b503fe8) thrown at [/Users/java_re/workspace/8-2-build-macosx-x86_64/jdk8u144/9417/hotspot/src/share/vm/prims/jni.cpp, line 709]
Event: 0.785 Thread 0x00007f90a9003800 Exception <a 'java/security/PrivilegedActionException'> (0x000000076b69ff18) thrown at [/Users/java_re/workspace/8-2-build-macosx-x86_64/jdk8u144/9417/hotspot/src/share/vm/prims/jvm.cpp, line 1390]
Event: 0.785 Thread 0x00007f90a9003800 Exception <a 'java/security/PrivilegedActionException'> (0x000000076b6a1b00) thrown at [/Users/java_re/workspace/8-2-build-macosx-x86_64/jdk8u144/9417/hotspot/src/share/vm/prims/jvm.cpp, line 1390]
Event: 0.785 Thread 0x00007f90a9003800 Exception <a 'java/security/PrivilegedActionException'> (0x000000076b6a2c20) thrown at [/Users/java_re/workspace/8-2-build-macosx-x86_64/jdk8u144/9417/hotspot/src/share/vm/prims/jvm.cpp, line 1390]
Event: 0.786 Thread 0x00007f90a9003800 Exception <a 'java/security/PrivilegedActionException'> (0x000000076b6a8118) thrown at [/Users/java_re/workspace/8-2-build-macosx-x86_64/jdk8u144/9417/hotspot/src/share/vm/prims/jvm.cpp, line 1390]
Event: 0.786 Thread 0x00007f90a9003800 Exception <a 'java/security/PrivilegedActionException'> (0x000000076b6a8d70) thrown at [/Users/java_re/workspace/8-2-build-macosx-x86_64/jdk8u144/9417/hotspot/src/share/vm/prims/jvm.cpp, line 1390]
Event: 0.786 Thread 0x00007f90a9003800 Exception <a 'java/security/PrivilegedActionException'> (0x000000076b6a9998) thrown at [/Users/java_re/workspace/8-2-build-macosx-x86_64/jdk8u144/9417/hotspot/src/share/vm/prims/jvm.cpp, line 1390]

Events (10 events):
Event: 25.486 Executing VM operation: RevokeBias
Event: 25.486 Executing VM operation: RevokeBias done
Event: 25.486 Thread 0x00007f90aa1a1800 Thread exited: 0x00007f90aa1a1800
Event: 25.509 Thread 0x00007f90a99a5800 Thread added: 0x00007f90a99a5800
Event: 25.540 loading class com/badlogic/gdx/backends/lwjgl/LwjglInput$TouchEvent
Event: 25.540 loading class com/badlogic/gdx/backends/lwjgl/LwjglInput$TouchEvent done
Event: 26.851 loading class com/badlogic/gdx/backends/lwjgl/LwjglApplication$2
Event: 26.851 loading class com/badlogic/gdx/backends/lwjgl/LwjglApplication$2 done
Event: 26.854 loading class org/lwjgl/opengl/CallbackUtil
Event: 26.854 loading class org/lwjgl/opengl/CallbackUtil done


Dynamic libraries:
0x0000000001752000 	/System/Library/Frameworks/Cocoa.framework/Versions/A/Cocoa
0x0000000001752000 	/System/Library/Frameworks/Security.framework/Versions/A/Security
0x0000000001752000 	/System/Library/Frameworks/ApplicationServices.framework/Versions/A/ApplicationServices
0x0000000001752000 	/usr/lib/libz.1.dylib
0x0000000001752000 	/usr/lib/libSystem.B.dylib
0x0000000001752000 	/usr/lib/libobjc.A.dylib
0x0000000001752000 	/System/Library/Frameworks/CoreFoundation.framework/Versions/A/CoreFoundation
0x0000000001752000 	/System/Library/Frameworks/Foundation.framework/Versions/C/Foundation
0x0000000001752000 	/System/Library/Frameworks/AppKit.framework/Versions/C/AppKit
0x0000000001752000 	/System/Library/Frameworks/CoreData.framework/Versions/A/CoreData
0x0000000001752000 	/System/Library/PrivateFrameworks/RemoteViewServices.framework/Versions/A/RemoteViewServices
0x0000000001752000 	/System/Library/PrivateFrameworks/UIFoundation.framework/Versions/A/UIFoundation
0x0000000001752000 	/System/Library/PrivateFrameworks/DFRFoundation.framework/Versions/A/DFRFoundation
0x0000000001752000 	/usr/lib/libenergytrace.dylib
0x0000000001752000 	/System/Library/PrivateFrameworks/SkyLight.framework/Versions/A/SkyLight
0x0000000001752000 	/System/Library/Frameworks/CoreGraphics.framework/Versions/A/CoreGraphics
0x0000000001752000 	/usr/lib/libScreenReader.dylib
0x0000000001752000 	/System/Library/Frameworks/Accelerate.framework/Versions/A/Accelerate
0x0000000001752000 	/System/Library/Frameworks/IOSurface.framework/Versions/A/IOSurface
0x0000000001752000 	/System/Library/Frameworks/AudioToolbox.framework/Versions/A/AudioToolbox
0x0000000001752000 	/System/Library/Frameworks/AudioUnit.framework/Versions/A/AudioUnit
0x0000000001752000 	/System/Library/PrivateFrameworks/DataDetectorsCore.framework/Versions/A/DataDetectorsCore
0x0000000001752000 	/System/Library/PrivateFrameworks/DesktopServicesPriv.framework/Versions/A/DesktopServicesPriv
0x0000000001752000 	/System/Library/Frameworks/Carbon.framework/Versions/A/Frameworks/HIToolbox.framework/Versions/A/HIToolbox
0x0000000001752000 	/usr/lib/libicucore.A.dylib
0x0000000001752000 	/System/Library/Frameworks/QuartzCore.framework/Versions/A/QuartzCore
0x0000000001752000 	/System/Library/Frameworks/Carbon.framework/Versions/A/Frameworks/SpeechRecognition.framework/Versions/A/SpeechRecognition
0x0000000001752000 	/usr/lib/libauto.dylib
0x0000000001752000 	/usr/lib/libxml2.2.dylib
0x0000000001752000 	/System/Library/PrivateFrameworks/CoreUI.framework/Versions/A/CoreUI
0x0000000001752000 	/System/Library/Frameworks/CoreAudio.framework/Versions/A/CoreAudio
0x0000000001752000 	/System/Library/Frameworks/DiskArbitration.framework/Versions/A/DiskArbitration
0x0000000001752000 	/usr/lib/liblangid.dylib
0x0000000001752000 	/System/Library/PrivateFrameworks/MultitouchSupport.framework/Versions/A/MultitouchSupport
0x0000000001752000 	/System/Library/Frameworks/IOKit.framework/Versions/A/IOKit
0x0000000001752000 	/usr/lib/libDiagnosticMessagesClient.dylib
0x0000000001752000 	/System/Library/Frameworks/CoreServices.framework/Versions/A/CoreServices
0x0000000001752000 	/System/Library/PrivateFrameworks/PerformanceAnalysis.framework/Versions/A/PerformanceAnalysis
0x0000000001752000 	/System/Library/PrivateFrameworks/GenerationalStorage.framework/Versions/A/GenerationalStorage
0x0000000001752000 	/System/Library/Frameworks/OpenGL.framework/Versions/A/OpenGL
0x0000000001752000 	/System/Library/Frameworks/CoreImage.framework/Versions/A/CoreImage
0x0000000001752000 	/System/Library/Frameworks/CoreText.framework/Versions/A/CoreText
0x0000000001752000 	/System/Library/Frameworks/ImageIO.framework/Versions/A/ImageIO
0x0000000001752000 	/System/Library/PrivateFrameworks/Backup.framework/Versions/A/Backup
0x0000000001752000 	/usr/lib/libarchive.2.dylib
0x0000000001752000 	/System/Library/Frameworks/CFNetwork.framework/Versions/A/CFNetwork
0x0000000001752000 	/System/Library/Frameworks/SystemConfiguration.framework/Versions/A/SystemConfiguration
0x0000000001752000 	/usr/lib/libCRFSuite.dylib
0x0000000001752000 	/usr/lib/libc++.1.dylib
0x0000000001752000 	/usr/lib/libc++abi.dylib
0x0000000001752000 	/usr/lib/system/libcache.dylib
0x0000000001752000 	/usr/lib/system/libcommonCrypto.dylib
0x0000000001752000 	/usr/lib/system/libcompiler_rt.dylib
0x0000000001752000 	/usr/lib/system/libcopyfile.dylib
0x0000000001752000 	/usr/lib/system/libcorecrypto.dylib
0x0000000001752000 	/usr/lib/system/libdispatch.dylib
0x0000000001752000 	/usr/lib/system/libdyld.dylib
0x0000000001752000 	/usr/lib/system/libkeymgr.dylib
0x0000000001752000 	/usr/lib/system/liblaunch.dylib
0x0000000001752000 	/usr/lib/system/libmacho.dylib
0x0000000001752000 	/usr/lib/system/libquarantine.dylib
0x0000000001752000 	/usr/lib/system/libremovefile.dylib
0x0000000001752000 	/usr/lib/system/libsystem_asl.dylib
0x0000000001752000 	/usr/lib/system/libsystem_blocks.dylib
0x0000000001752000 	/usr/lib/system/libsystem_c.dylib
0x0000000001752000 	/usr/lib/system/libsystem_configuration.dylib
0x0000000001752000 	/usr/lib/system/libsystem_coreservices.dylib
0x0000000001752000 	/usr/lib/system/libsystem_coretls.dylib
0x0000000001752000 	/usr/lib/system/libsystem_dnssd.dylib
0x0000000001752000 	/usr/lib/system/libsystem_info.dylib
0x0000000001752000 	/usr/lib/system/libsystem_kernel.dylib
0x0000000001752000 	/usr/lib/system/libsystem_m.dylib
0x0000000001752000 	/usr/lib/system/libsystem_malloc.dylib
0x0000000001752000 	/usr/lib/system/libsystem_network.dylib
0x0000000001752000 	/usr/lib/system/libsystem_networkextension.dylib
0x0000000001752000 	/usr/lib/system/libsystem_notify.dylib
0x0000000001752000 	/usr/lib/system/libsystem_platform.dylib
0x0000000001752000 	/usr/lib/system/libsystem_pthread.dylib
0x0000000001752000 	/usr/lib/system/libsystem_sandbox.dylib
0x0000000001752000 	/usr/lib/system/libsystem_secinit.dylib
0x0000000001752000 	/usr/lib/system/libsystem_symptoms.dylib
0x0000000001752000 	/usr/lib/system/libsystem_trace.dylib
0x0000000001752000 	/usr/lib/system/libunwind.dylib
0x0000000001752000 	/usr/lib/system/libxpc.dylib
0x0000000001752000 	/usr/lib/libbsm.0.dylib
0x0000000001752000 	/usr/lib/system/libkxld.dylib
0x0000000001752000 	/usr/lib/libcoretls.dylib
0x0000000001752000 	/usr/lib/libcoretls_cfhelpers.dylib
0x0000000001752000 	/usr/lib/libOpenScriptingUtil.dylib
0x0000000001752000 	/usr/lib/libpam.2.dylib
0x0000000001752000 	/usr/lib/libsqlite3.dylib
0x0000000001752000 	/usr/lib/libxar.1.dylib
0x0000000001752000 	/usr/lib/libbz2.1.0.dylib
0x0000000001752000 	/usr/lib/liblzma.5.dylib
0x0000000001752000 	/usr/lib/libnetwork.dylib
0x0000000001752000 	/usr/lib/libpcap.A.dylib
0x0000000001752000 	/System/Library/Frameworks/CoreServices.framework/Versions/A/Frameworks/FSEvents.framework/Versions/A/FSEvents
0x0000000001752000 	/System/Library/Frameworks/CoreServices.framework/Versions/A/Frameworks/CarbonCore.framework/Versions/A/CarbonCore
0x0000000001752000 	/System/Library/Frameworks/CoreServices.framework/Versions/A/Frameworks/Metadata.framework/Versions/A/Metadata
0x0000000001752000 	/System/Library/Frameworks/CoreServices.framework/Versions/A/Frameworks/OSServices.framework/Versions/A/OSServices
0x0000000001752000 	/System/Library/Frameworks/CoreServices.framework/Versions/A/Frameworks/SearchKit.framework/Versions/A/SearchKit
0x0000000001752000 	/System/Library/Frameworks/CoreServices.framework/Versions/A/Frameworks/AE.framework/Versions/A/AE
0x0000000001752000 	/System/Library/Frameworks/CoreServices.framework/Versions/A/Frameworks/LaunchServices.framework/Versions/A/LaunchServices
0x0000000001752000 	/System/Library/Frameworks/CoreServices.framework/Versions/A/Frameworks/DictionaryServices.framework/Versions/A/DictionaryServices
0x0000000001752000 	/System/Library/Frameworks/CoreServices.framework/Versions/A/Frameworks/SharedFileList.framework/Versions/A/SharedFileList
0x0000000001752000 	/System/Library/Frameworks/NetFS.framework/Versions/A/NetFS
0x0000000001752000 	/System/Library/PrivateFrameworks/NetAuth.framework/Versions/A/NetAuth
0x0000000001752000 	/System/Library/PrivateFrameworks/login.framework/Versions/A/Frameworks/loginsupport.framework/Versions/A/loginsupport
0x0000000001752000 	/System/Library/PrivateFrameworks/TCC.framework/Versions/A/TCC
0x0000000001752000 	/usr/lib/libmecabra.dylib
0x0000000001752000 	/System/Library/Frameworks/ApplicationServices.framework/Versions/A/Frameworks/ATS.framework/Versions/A/ATS
0x0000000001752000 	/System/Library/Frameworks/ApplicationServices.framework/Versions/A/Frameworks/ColorSync.framework/Versions/A/ColorSync
0x0000000001752000 	/System/Library/Frameworks/ApplicationServices.framework/Versions/A/Frameworks/HIServices.framework/Versions/A/HIServices
0x0000000001752000 	/System/Library/Frameworks/ApplicationServices.framework/Versions/A/Frameworks/LangAnalysis.framework/Versions/A/LangAnalysis
0x0000000001752000 	/System/Library/Frameworks/ApplicationServices.framework/Versions/A/Frameworks/PrintCore.framework/Versions/A/PrintCore
0x0000000001752000 	/System/Library/Frameworks/ApplicationServices.framework/Versions/A/Frameworks/QD.framework/Versions/A/QD
0x0000000001752000 	/System/Library/Frameworks/ApplicationServices.framework/Versions/A/Frameworks/SpeechSynthesis.framework/Versions/A/SpeechSynthesis
0x0000000001752000 	/System/Library/Frameworks/Accelerate.framework/Versions/A/Frameworks/vImage.framework/Versions/A/vImage
0x0000000001752000 	/System/Library/Frameworks/Accelerate.framework/Versions/A/Frameworks/vecLib.framework/Versions/A/vecLib
0x0000000001752000 	/System/Library/Frameworks/Accelerate.framework/Versions/A/Frameworks/vecLib.framework/Versions/A/libvDSP.dylib
0x0000000001752000 	/System/Library/Frameworks/Accelerate.framework/Versions/A/Frameworks/vecLib.framework/Versions/A/libBNNS.dylib
0x0000000001752000 	/System/Library/Frameworks/Accelerate.framework/Versions/A/Frameworks/vecLib.framework/Versions/A/libQuadrature.dylib
0x0000000001752000 	/System/Library/Frameworks/Accelerate.framework/Versions/A/Frameworks/vecLib.framework/Versions/A/libvMisc.dylib
0x0000000001752000 	/System/Library/Frameworks/Accelerate.framework/Versions/A/Frameworks/vecLib.framework/Versions/A/libLAPACK.dylib
0x0000000001752000 	/System/Library/Frameworks/Accelerate.framework/Versions/A/Frameworks/vecLib.framework/Versions/A/libBLAS.dylib
0x0000000001752000 	/System/Library/Frameworks/Accelerate.framework/Versions/A/Frameworks/vecLib.framework/Versions/A/libLinearAlgebra.dylib
0x0000000001752000 	/System/Library/Frameworks/Accelerate.framework/Versions/A/Frameworks/vecLib.framework/Versions/A/libSparseBLAS.dylib
0x0000000001752000 	/System/Library/Frameworks/ApplicationServices.framework/Versions/A/Frameworks/ATS.framework/Versions/A/Resources/libFontParser.dylib
0x0000000001752000 	/System/Library/Frameworks/ApplicationServices.framework/Versions/A/Frameworks/ATS.framework/Versions/A/Resources/libFontRegistry.dylib
0x0000000001752000 	/System/Library/Frameworks/ImageIO.framework/Versions/A/Resources/libJPEG.dylib
0x0000000001752000 	/System/Library/Frameworks/ImageIO.framework/Versions/A/Resources/libTIFF.dylib
0x0000000001752000 	/System/Library/Frameworks/ImageIO.framework/Versions/A/Resources/libPng.dylib
0x0000000001752000 	/System/Library/Frameworks/ImageIO.framework/Versions/A/Resources/libGIF.dylib
0x0000000001752000 	/System/Library/Frameworks/ImageIO.framework/Versions/A/Resources/libJP2.dylib
0x0000000001752000 	/System/Library/Frameworks/ImageIO.framework/Versions/A/Resources/libRadiance.dylib
0x0000000001752000 	/usr/lib/libcompression.dylib
0x0000000001752000 	/System/Library/PrivateFrameworks/AppleJPEG.framework/Versions/A/AppleJPEG
0x0000000001752000 	/usr/lib/libcups.2.dylib
0x0000000001752000 	/System/Library/Frameworks/Kerberos.framework/Versions/A/Kerberos
0x0000000001752000 	/System/Library/Frameworks/GSS.framework/Versions/A/GSS
0x0000000001752000 	/usr/lib/libresolv.9.dylib
0x0000000001752000 	/usr/lib/libiconv.2.dylib
0x0000000001752000 	/System/Library/PrivateFrameworks/Heimdal.framework/Versions/A/Heimdal
0x0000000001752000 	/usr/lib/libheimdal-asn1.dylib
0x0000000001752000 	/System/Library/Frameworks/OpenDirectory.framework/Versions/A/OpenDirectory
0x0000000001752000 	/System/Library/PrivateFrameworks/CommonAuth.framework/Versions/A/CommonAuth
0x0000000001752000 	/System/Library/Frameworks/OpenDirectory.framework/Versions/A/Frameworks/CFOpenDirectory.framework/Versions/A/CFOpenDirectory
0x0000000001752000 	/System/Library/Frameworks/SecurityFoundation.framework/Versions/A/SecurityFoundation
0x0000000001752000 	/System/Library/PrivateFrameworks/LanguageModeling.framework/Versions/A/LanguageModeling
0x0000000001752000 	/usr/lib/libmarisa.dylib
0x0000000001752000 	/usr/lib/libChineseTokenizer.dylib
0x0000000001752000 	/usr/lib/libcmph.dylib
0x0000000001752000 	/System/Library/PrivateFrameworks/CoreEmoji.framework/Versions/A/CoreEmoji
0x0000000001752000 	/System/Library/Frameworks/ServiceManagement.framework/Versions/A/ServiceManagement
0x0000000001752000 	/usr/lib/libxslt.1.dylib
0x0000000001752000 	/System/Library/Frameworks/Carbon.framework/Versions/A/Frameworks/Ink.framework/Versions/A/Ink
0x0000000001752000 	/System/Library/PrivateFrameworks/TextureIO.framework/Versions/A/TextureIO
0x0000000001752000 	/System/Library/Frameworks/Metal.framework/Versions/A/Metal
0x0000000001752000 	/usr/lib/libate.dylib
0x0000000001752000 	/System/Library/PrivateFrameworks/GPUCompiler.framework/libmetal_timestamp.dylib
0x0000000001752000 	/System/Library/Frameworks/OpenGL.framework/Versions/A/Libraries/libCoreFSCache.dylib
0x0000000001752000 	/System/Library/PrivateFrameworks/IOAccelerator.framework/Versions/A/IOAccelerator
0x0000000001752000 	/System/Library/Frameworks/CoreVideo.framework/Versions/A/CoreVideo
0x0000000001752000 	/usr/lib/libFosl_dynamic.dylib
0x0000000001752000 	/System/Library/PrivateFrameworks/MetalPerformanceShaders.framework/Versions/A/MetalPerformanceShaders
0x0000000001752000 	/System/Library/PrivateFrameworks/FaceCore.framework/Versions/A/FaceCore
0x0000000001752000 	/System/Library/Frameworks/OpenCL.framework/Versions/A/OpenCL
0x0000000001752000 	/System/Library/Frameworks/OpenGL.framework/Versions/A/Libraries/libGLU.dylib
0x0000000001752000 	/System/Library/Frameworks/OpenGL.framework/Versions/A/Libraries/libGFXShared.dylib
0x0000000001752000 	/System/Library/Frameworks/OpenGL.framework/Versions/A/Libraries/libGL.dylib
0x0000000001752000 	/System/Library/Frameworks/OpenGL.framework/Versions/A/Libraries/libGLImage.dylib
0x0000000001752000 	/System/Library/Frameworks/OpenGL.framework/Versions/A/Libraries/libCVMSPluginSupport.dylib
0x0000000001752000 	/System/Library/Frameworks/OpenGL.framework/Versions/A/Libraries/libCoreVMClient.dylib
0x0000000001752000 	/System/Library/PrivateFrameworks/CrashReporterSupport.framework/Versions/A/CrashReporterSupport
0x0000000001752000 	/System/Library/PrivateFrameworks/Sharing.framework/Versions/A/Sharing
0x0000000001752000 	/System/Library/PrivateFrameworks/IconServices.framework/Versions/A/IconServices
0x0000000001752000 	/System/Library/PrivateFrameworks/ProtocolBuffer.framework/Versions/A/ProtocolBuffer
0x0000000001752000 	/System/Library/PrivateFrameworks/Apple80211.framework/Versions/A/Apple80211
0x0000000001752000 	/System/Library/Frameworks/CoreWLAN.framework/Versions/A/CoreWLAN
0x0000000001752000 	/System/Library/PrivateFrameworks/CoreUtils.framework/Versions/A/CoreUtils
0x0000000001752000 	/System/Library/Frameworks/IOBluetooth.framework/Versions/A/IOBluetooth
0x0000000001752000 	/System/Library/PrivateFrameworks/CoreWiFi.framework/Versions/A/CoreWiFi
0x0000000001752000 	/System/Library/Frameworks/CoreBluetooth.framework/Versions/A/CoreBluetooth
0x0000000001752000 	/System/Library/Frameworks/CoreDisplay.framework/Versions/A/CoreDisplay
0x0000000001752000 	/System/Library/PrivateFrameworks/IOPresentment.framework/Versions/A/IOPresentment
0x0000000001752000 	/System/Library/PrivateFrameworks/DSExternalDisplay.framework/Versions/A/DSExternalDisplay
0x0000000001752000 	/System/Library/PrivateFrameworks/DebugSymbols.framework/Versions/A/DebugSymbols
0x0000000001752000 	/System/Library/PrivateFrameworks/CoreSymbolication.framework/Versions/A/CoreSymbolication
0x0000000001752000 	/System/Library/PrivateFrameworks/Symbolication.framework/Versions/A/Symbolication
0x0000000001752000 	/System/Library/PrivateFrameworks/AppleFSCompression.framework/Versions/A/AppleFSCompression
0x0000000001752000 	/System/Library/PrivateFrameworks/SpeechRecognitionCore.framework/Versions/A/SpeechRecognitionCore
0x0000000001752000 	/System/Library/PrivateFrameworks/ChunkingLibrary.framework/Versions/A/ChunkingLibrary
0x0000000105093000 	/Library/Java/JavaVirtualMachines/jdk1.8.0_144.jdk/Contents/Home/jre/lib/server/libjvm.dylib
0x0000000001752000 	/usr/lib/libstdc++.6.dylib
0x000000010603a000 	/Library/Java/JavaVirtualMachines/jdk1.8.0_144.jdk/Contents/Home/jre/lib/libverify.dylib
0x0000000106048000 	/Library/Java/JavaVirtualMachines/jdk1.8.0_144.jdk/Contents/Home/jre/lib/libjava.dylib
0x000000010607e000 	/Library/Java/JavaVirtualMachines/jdk1.8.0_144.jdk/Contents/Home/jre/lib/libinstrument.dylib
0x00000001060dc000 	/Library/Java/JavaVirtualMachines/jdk1.8.0_144.jdk/Contents/Home/jre/lib/libzip.dylib
0x00000001061e1000 	/System/Library/Frameworks/JavaVM.framework/Frameworks/JavaRuntimeSupport.framework/JavaRuntimeSupport
0x000000010b193000 	/System/Library/Frameworks/JavaVM.framework/Versions/A/Frameworks/JavaNativeFoundation.framework/Versions/A/JavaNativeFoundation
0x000000010b1a8000 	/System/Library/Frameworks/JavaVM.framework/Versions/A/JavaVM
0x0000000001752000 	/System/Library/Frameworks/Carbon.framework/Versions/A/Carbon
0x000000010b1b5000 	/System/Library/PrivateFrameworks/JavaLaunching.framework/Versions/A/JavaLaunching
0x0000000001752000 	/System/Library/Frameworks/Carbon.framework/Versions/A/Frameworks/CommonPanels.framework/Versions/A/CommonPanels
0x0000000001752000 	/System/Library/Frameworks/Carbon.framework/Versions/A/Frameworks/Help.framework/Versions/A/Help
0x0000000001752000 	/System/Library/Frameworks/Carbon.framework/Versions/A/Frameworks/ImageCapture.framework/Versions/A/ImageCapture
0x0000000001752000 	/System/Library/Frameworks/Carbon.framework/Versions/A/Frameworks/OpenScripting.framework/Versions/A/OpenScripting
0x0000000001752000 	/System/Library/Frameworks/Carbon.framework/Versions/A/Frameworks/Print.framework/Versions/A/Print
0x0000000001752000 	/System/Library/Frameworks/Carbon.framework/Versions/A/Frameworks/SecurityHI.framework/Versions/A/SecurityHI
0x000000010cc7f000 	/Library/Java/JavaVirtualMachines/jdk1.8.0_144.jdk/Contents/Home/jre/lib/libnet.dylib
0x000000010ccde000 	/private/var/folders/3c/l0nqb5h16k91phhwcrh0_v4h0000gn/T/libgdxron/6e213a1/libgdx64.dylib
0x000000010cd24000 	/Library/Java/JavaVirtualMachines/jdk1.8.0_144.jdk/Contents/Home/jre/lib/libawt.dylib
0x000000010cdcc000 	/Library/Java/JavaVirtualMachines/jdk1.8.0_144.jdk/Contents/Home/jre/lib/./libmlib_image.dylib
0x000000010ce98000 	/Library/Java/JavaVirtualMachines/jdk1.8.0_144.jdk/Contents/Home/jre/lib/libawt_lwawt.dylib
0x000000010cf4f000 	/Library/Java/JavaVirtualMachines/jdk1.8.0_144.jdk/Contents/Home/jre/lib/./libosxapp.dylib
0x0000000001752000 	/System/Library/Frameworks/ExceptionHandling.framework/Versions/A/ExceptionHandling
0x0000000001752000 	/System/Library/PrivateFrameworks/CoreServicesInternal.framework/Versions/A/CoreServicesInternal
0x0000000001752000 	/System/Library/CoreServices/RawCamera.bundle/Contents/MacOS/RawCamera
0x0000000001752000 	/System/Library/Frameworks/Accelerate.framework/Versions/A/Frameworks/vImage.framework/Versions/A/Libraries/libCGInterfaces.dylib
0x0000000001752000 	/System/Library/Frameworks/ApplicationServices.framework/Versions/A/Frameworks/ATS.framework/Versions/A/Resources/libTrueTypeScaler.dylib
0x000000012648f000 	/System/Library/Frameworks/OpenGL.framework/Resources/GLEngine.bundle/GLEngine
0x0000000001752000 	/System/Library/Frameworks/OpenGL.framework/Versions/A/Libraries/libGLProgrammability.dylib
0x0000000126674000 	/System/Library/Extensions/AppleIntelSKLGraphicsGLDriver.bundle/Contents/MacOS/AppleIntelSKLGraphicsGLDriver
0x0000000001752000 	/System/Library/PrivateFrameworks/GPUSupport.framework/Versions/A/Libraries/libGPUSupportMercury.dylib
0x000000010e09d000 	/System/Library/Extensions/AMDRadeonX4000GLDriver.bundle/Contents/MacOS/AMDRadeonX4000GLDriver
0x00000001273f8000 	/System/Library/Extensions/AMDRadeonX4000GLDriver.bundle/Contents/MacOS/ATIRadeonX4000SCLib.dylib
0x000000010e17d000 	/System/Library/Frameworks/OpenGL.framework/Resources//GLRendererFloat.bundle/GLRendererFloat
0x0000000001752000 	/System/Library/Frameworks/OpenCL.framework/Versions/A/Libraries/libcldcpuengine.dylib
0x0000000001752000 	/usr/lib/libcrypto.0.9.8.dylib
0x0000000001752000 	/System/Library/PrivateFrameworks/TrustEvaluationAgent.framework/Versions/A/TrustEvaluationAgent
0x0000000001752000 	/System/Library/Extensions/AMDMTLBronzeDriver.bundle/Contents/MacOS/AMDMTLBronzeDriver
0x0000000001752000 	/System/Library/PrivateFrameworks/IOAccelMemoryInfo.framework/Versions/A/IOAccelMemoryInfo
0x00000001279d5000 	/System/Library/Extensions/AppleIntelSKLGraphicsMTLDriver.bundle/Contents/MacOS/AppleIntelSKLGraphicsMTLDriver
0x0000000001752000 	/System/Library/PrivateFrameworks/FamilyControls.framework/Versions/A/FamilyControls
0x0000000001752000 	/System/Library/PrivateFrameworks/CommerceKit.framework/Versions/A/Frameworks/CommerceCore.framework/Versions/A/CommerceCore
0x0000000001752000 	/System/Library/PrivateFrameworks/SystemAdministration.framework/Versions/A/SystemAdministration
0x0000000001752000 	/System/Library/PrivateFrameworks/AppContainer.framework/Versions/A/AppContainer
0x0000000001752000 	/System/Library/PrivateFrameworks/SecCodeWrapper.framework/Versions/A/SecCodeWrapper
0x0000000001752000 	/System/Library/Frameworks/DirectoryService.framework/Versions/A/DirectoryService
0x0000000001752000 	/System/Library/PrivateFrameworks/DiskImages.framework/Versions/A/DiskImages
0x0000000001752000 	/System/Library/PrivateFrameworks/LoginUIKit.framework/Versions/A/Frameworks/LoginUICore.framework/Versions/A/LoginUICore
0x0000000001752000 	/usr/lib/libCoreStorage.dylib
0x0000000001752000 	/usr/lib/libcsfde.dylib
0x0000000001752000 	/usr/lib/libodfde.dylib
0x0000000001752000 	/System/Library/Frameworks/DiscRecording.framework/Versions/A/DiscRecording
0x0000000001752000 	/usr/lib/libcurl.4.dylib
0x0000000001752000 	/System/Library/PrivateFrameworks/MediaKit.framework/Versions/A/MediaKit
0x0000000001752000 	/System/Library/PrivateFrameworks/ProtectedCloudStorage.framework/Versions/A/ProtectedCloudStorage
0x0000000001752000 	/System/Library/PrivateFrameworks/EFILogin.framework/Versions/A/EFILogin
0x0000000001752000 	/usr/lib/libutil.dylib
0x0000000001752000 	/System/Library/Frameworks/LDAP.framework/Versions/A/LDAP
0x0000000001752000 	/usr/lib/libsasl2.2.dylib
0x0000000001752000 	/System/Library/PrivateFrameworks/CoreDaemon.framework/Versions/B/CoreDaemon
0x0000000001752000 	/System/Library/PrivateFrameworks/AppleSRP.framework/Versions/A/AppleSRP
0x0000000001752000 	/System/Library/PrivateFrameworks/APFS.framework/Versions/A/APFS
0x00000001290e9000 	/Library/Java/JavaVirtualMachines/jdk1.8.0_144.jdk/Contents/Home/jre/lib/libfontmanager.dylib
0x0000000129150000 	/private/var/folders/3c/l0nqb5h16k91phhwcrh0_v4h0000gn/T/libgdxron/f7649394/liblwjgl.dylib
0x000000010d59c000 	/Library/Java/JavaVirtualMachines/jdk1.8.0_144.jdk/Contents/Home/jre/lib/libjawt.dylib
0x00000001291d2000 	/var/folders/3c/l0nqb5h16k91phhwcrh0_v4h0000gn/T/libgdxron/f7649394/openal.dylib
0x000000012922e000 	/System/Library/Components/CoreAudio.component/Contents/MacOS/CoreAudio
0x000000012942c000 	/System/Library/Extensions/AppleHDA.kext/Contents/PlugIns/AppleHDAHALPlugIn.bundle/Contents/MacOS/AppleHDAHALPlugIn
0x0000000001752000 	/System/Library/PrivateFrameworks/ViewBridge.framework/Versions/A/ViewBridge
0x0000000001752000 	/System/Library/PrivateFrameworks/XPCService.framework/Versions/A/XPCService
0x0000000001752000 	/System/Library/PrivateFrameworks/AppSandbox.framework/Versions/A/AppSandbox
0x0000000001752000 	/usr/lib/libsandbox.1.dylib
0x0000000001752000 	/usr/lib/libMatch.1.dylib

VM Arguments:
jvm_args: -javaagent:/Applications/IntelliJ IDEA.app/Contents/lib/idea_rt.jar=64334:/Applications/IntelliJ IDEA.app/Contents/bin -Dfile.encoding=UTF-8 
java_command: com.mygdx.game.desktop.DesktopLauncher
java_class_path (initial): /Library/Java/JavaVirtualMachines/jdk1.8.0_144.jdk/Contents/Home/jre/lib/charsets.jar:/Library/Java/JavaVirtualMachines/jdk1.8.0_144.jdk/Contents/Home/jre/lib/deploy.jar:/Library/Java/JavaVirtualMachines/jdk1.8.0_144.jdk/Contents/Home/jre/lib/ext/cldrdata.jar:/Library/Java/JavaVirtualMachines/jdk1.8.0_144.jdk/Contents/Home/jre/lib/ext/dnsns.jar:/Library/Java/JavaVirtualMachines/jdk1.8.0_144.jdk/Contents/Home/jre/lib/ext/jaccess.jar:/Library/Java/JavaVirtualMachines/jdk1.8.0_144.jdk/Contents/Home/jre/lib/ext/jfxrt.jar:/Library/Java/JavaVirtualMachines/jdk1.8.0_144.jdk/Contents/Home/jre/lib/ext/localedata.jar:/Library/Java/JavaVirtualMachines/jdk1.8.0_144.jdk/Contents/Home/jre/lib/ext/nashorn.jar:/Library/Java/JavaVirtualMachines/jdk1.8.0_144.jdk/Contents/Home/jre/lib/ext/sunec.jar:/Library/Java/JavaVirtualMachines/jdk1.8.0_144.jdk/Contents/Home/jre/lib/ext/sunjce_provider.jar:/Library/Java/JavaVirtualMachines/jdk1.8.0_144.jdk/Contents/Home/jre/lib/ext/sunpkcs11.jar:/Library/Java/JavaVirtualMachines/jdk1.8.0_144.jdk/Contents/Home/jre/lib/ext/zipfs.jar:/Library/Java/JavaVirtualMachines/jdk1.8.0_144.jdk/Contents/Home/jre/lib/javaws.jar:/Library/Java/JavaVirtualMachines/jdk1.8.0_144.jdk/Contents/Home/jre/lib/jce.jar:/Library/Java/JavaVirtualMachines/jdk1.8.0_144.jdk/Contents/Home/jre/lib/jfr.jar:/Library/Java/JavaVirtualMachines/jdk1.8.0_144.jdk/Contents/Home/jre/lib/jfxswt.jar:/Library/Java/JavaVirtualMachines/jdk1.8.0_144.jdk/Contents/Home/jre/lib/jsse.jar:/Library/Java/JavaVirtualMachines/jdk1.8.0_144.jdk/Contents/Home/jre/lib/management-agent.jar:/Library/Java/JavaVirtualMachines/jdk1.8.0_144.jdk/Contents/Home/jre/lib/plugin.jar:/Library/Java/JavaVirtualMachines/jdk1.8.0_144.jdk/Contents/Home/jre/lib/resources.jar:/Library/Java/JavaVirtualMachines/jdk1.8.0_144.jdk/Contents/Home/jre/lib/rt.jar:/Library/Java/JavaVirtualMachines/jdk1.8.0_144.jdk/Contents/Home/lib/ant-javafx.jar:/Library/Java/JavaVirtualMachines/jdk1.8.0_144.jdk/Contents/Home
Launcher Type: SUN_STANDARD

Environment Variables:
PATH=/Library/Frameworks/Python.framework/Versions/3.6/bin:/usr/local/bin:/usr/bin:/bin:/usr/sbin:/sbin:/Applications/VMware Fusion.app/Contents/Public
SHELL=/bin/bash

Signal Handlers:
SIGSEGV: [libjvm.dylib+0x5b26e5], sa_mask[0]=11111111011111110111111111111111, sa_flags=SA_ONSTACK|SA_RESTART|SA_SIGINFO
SIGBUS: [libjvm.dylib+0x5b26e5], sa_mask[0]=11111111011111110111111111111111, sa_flags=SA_RESTART|SA_SIGINFO
SIGFPE: [libjvm.dylib+0x489100], sa_mask[0]=11111111011111110111111111111111, sa_flags=SA_RESTART|SA_SIGINFO
SIGPIPE: [libjvm.dylib+0x489100], sa_mask[0]=11111111011111110111111111111111, sa_flags=SA_RESTART|SA_SIGINFO
SIGXFSZ: [libjvm.dylib+0x489100], sa_mask[0]=11111111011111110111111111111111, sa_flags=SA_RESTART|SA_SIGINFO
SIGILL: [libjvm.dylib+0x489100], sa_mask[0]=11111111011111110111111111111111, sa_flags=SA_RESTART|SA_SIGINFO
SIGUSR1: SIG_DFL, sa_mask[0]=00000000000000000000000000000000, sa_flags=none
SIGUSR2: [libjvm.dylib+0x488c1e], sa_mask[0]=00100000000000000000000000000000, sa_flags=SA_RESTART|SA_SIGINFO
SIGHUP: [libjvm.dylib+0x4871f5], sa_mask[0]=11111111011111110111111111111111, sa_flags=SA_RESTART|SA_SIGINFO
SIGINT: [libjvm.dylib+0x4871f5], sa_mask[0]=11111111011111110111111111111111, sa_flags=SA_RESTART|SA_SIGINFO
SIGTERM: [libjvm.dylib+0x4871f5], sa_mask[0]=11111111011111110111111111111111, sa_flags=SA_RESTART|SA_SIGINFO
SIGQUIT: [libjvm.dylib+0x4871f5], sa_mask[0]=11111111011111110111111111111111, sa_flags=SA_RESTART|SA_SIGINFO


---------------  S Y S T E M  ---------------

OS:Bsduname:Darwin 16.7.0 Darwin Kernel Version 16.7.0: Thu Jun 15 17:36:27 PDT 2017; root:xnu-3789.70.16~2/RELEASE_X86_64 x86_64
rlimit: STACK 8192k, CORE 0k, NPROC 709, NOFILE 10240, AS infinity
load average:2.90 2.76 2.47

CPU:total 8 (initial active 8) (4 cores per cpu, 2 threads per core) family 6 model 94 stepping 3, cmov, cx8, fxsr, mmx, sse, sse2, sse3, ssse3, sse4.1, sse4.2, popcnt, avx, avx2, aes, clmul, erms, rtm, 3dnowpref, lzcnt, ht, tsc, tscinvbit, bmi1, bmi2, adx

Memory: 4k page, physical 16777216k(469092k free)

/proc/meminfo:


vm_info: Java HotSpot(TM) 64-Bit Server VM (25.144-b01) for bsd-amd64 JRE (1.8.0_144-b01), built on Jul 21 2017 22:07:42 by "java_re" with gcc 4.2.1 (Based on Apple Inc. build 5658) (LLVM build 2336.11.00)

time: Wed Oct 25 12:22:49 2017
elapsed time: 26 seconds (0d 0h 0m 26s)

